<?xml version="1.0" encoding="UTF-8"?>
<!-- Generated by org.testng.reporters.JUnitReportReporter -->
<testsuite hostname="SumedhKrishna" failures="0" tests="1" name="com.iNetBanking.testCases.TC_LoginTest_001" time="0.972" errors="0" timestamp="2023-04-29T19:47:44 EDT" skipped="0">
  <testcase classname="com.iNetBanking.testCases.TC_LoginTest_001" name="loginTest" time="0.972"/>
  <system-out/>
</testsuite> <!-- com.iNetBanking.testCases.TC_LoginTest_001 -->
