<?xml version="1.0" encoding="UTF-8"?>
<!-- Generated by org.testng.reporters.JUnitReportReporter -->
<testsuite hostname="SumedhKrishna" failures="0" tests="1" name="com.iNetBanking.testCases.TC_AddCustomerTest_003" time="18.257" errors="0" timestamp="2023-04-29T19:47:44 EDT" skipped="0">
  <testcase classname="com.iNetBanking.testCases.TC_AddCustomerTest_003" name="addCustomer" time="18.257"/>
  <system-out/>
</testsuite> <!-- com.iNetBanking.testCases.TC_AddCustomerTest_003 -->
