<?xml version="1.0" encoding="UTF-8"?>
<!-- Generated by org.testng.reporters.JUnitReportReporter -->
<testsuite hostname="SumedhKrishna" failures="0" tests="1" name="com.iNetBanking.testCases.TC_LoginTest_001" time="1.101" errors="0" timestamp="1 May 2023 15:35:53 GMT">
  <testcase classname="com.iNetBanking.testCases.TC_LoginTest_001" name="loginTest" time="1.101"/>
</testsuite> <!-- com.iNetBanking.testCases.TC_LoginTest_001 -->
